..done


Server Software:        
Server Hostname:        192.168.0.104
Server Port:            3000

Document Path:          /1000kb.html
Document Length:        0 bytes

Concurrency Level:      100
Time taken for tests:   0.821 seconds
Complete requests:      100
Failed requests:        0
Total transferred:      0 bytes
HTML transferred:       0 bytes
Requests per second:    121.80 [#/sec] (mean)
Time per request:       821.019 [ms] (mean)
Time per request:       8.210 [ms] (mean, across all concurrent requests)
Transfer rate:          0.00 [Kbytes/sec] received

Connection Times (ms)
              min  mean[+/-sd] median   max
Connect:        0    0   0.0      0       0
Processing:    62  289 267.5     94     818
Waiting:        0    0   0.0      0       0
Total:         62  289 267.5     94     818

Percentage of the requests served within a certain time (ms)
  50%     94
  66%    548
  75%    550
  80%    554
  90%    558
  95%    816
  98%    817
  99%    818
 100%    818 (longest request)
