..done


Server Software:        
Server Hostname:        192.168.0.104
Server Port:            3000

Document Path:          /100kb.html
Document Length:        0 bytes

Concurrency Level:      100
Time taken for tests:   1.245 seconds
Complete requests:      100
Failed requests:        0
Total transferred:      0 bytes
HTML transferred:       0 bytes
Requests per second:    80.34 [#/sec] (mean)
Time per request:       1244.689 [ms] (mean)
Time per request:       12.447 [ms] (mean, across all concurrent requests)
Transfer rate:          0.00 [Kbytes/sec] received

Connection Times (ms)
              min  mean[+/-sd] median   max
Connect:        0    0   0.0      0       0
Processing:    48  322 264.1    190     864
Waiting:        0    0   0.0      0       0
Total:         48  322 264.1    190     864

Percentage of the requests served within a certain time (ms)
  50%    190
  66%    495
  75%    513
  80%    541
  90%    828
  95%    829
  98%    829
  99%    864
 100%    864 (longest request)
