..done


Server Software:        
Server Hostname:        192.168.0.104
Server Port:            3000

Document Path:          /1000kb.html
Document Length:        0 bytes

Concurrency Level:      100
Time taken for tests:   2.870 seconds
Complete requests:      100
Failed requests:        0
Total transferred:      0 bytes
HTML transferred:       0 bytes
Requests per second:    34.84 [#/sec] (mean)
Time per request:       2870.378 [ms] (mean)
Time per request:       28.704 [ms] (mean, across all concurrent requests)
Transfer rate:          0.00 [Kbytes/sec] received

Connection Times (ms)
              min  mean[+/-sd] median   max
Connect:        0    0   0.0      0       0
Processing:     6   95 160.3     43     822
Waiting:        0    0   0.0      0       0
Total:          6   95 160.3     43     822

Percentage of the requests served within a certain time (ms)
  50%     43
  66%     65
  75%     94
  80%    114
  90%    201
  95%    250
  98%    822
  99%    822
 100%    822 (longest request)
