..done


Server Software:        
Server Hostname:        192.168.0.104
Server Port:            3000

Document Path:          /1kb.html
Document Length:        1783 bytes

Concurrency Level:      100
Time taken for tests:   1.122 seconds
Complete requests:      100
Failed requests:        0
Total transferred:      207200 bytes
HTML transferred:       178300 bytes
Requests per second:    89.11 [#/sec] (mean)
Time per request:       1122.197 [ms] (mean)
Time per request:       11.222 [ms] (mean, across all concurrent requests)
Transfer rate:          180.31 [Kbytes/sec] received

Connection Times (ms)
              min  mean[+/-sd] median   max
Connect:        7   22   4.7     21      26
Processing:    21  235 255.6    136    1097
Waiting:       21  213 238.6    135    1097
Total:         32  256 256.2    162    1117

Percentage of the requests served within a certain time (ms)
  50%    162
  66%    188
  75%    197
  80%    500
  90%    505
  95%   1117
  98%   1117
  99%   1117
 100%   1117 (longest request)
