..done


Server Software:        
Server Hostname:        192.168.0.104
Server Port:            3000

Document Path:          /1000kb.html
Document Length:        0 bytes

Concurrency Level:      100
Time taken for tests:   1.492 seconds
Complete requests:      100
Failed requests:        0
Total transferred:      28400 bytes
HTML transferred:       0 bytes
Requests per second:    67.00 [#/sec] (mean)
Time per request:       1492.431 [ms] (mean)
Time per request:       14.924 [ms] (mean, across all concurrent requests)
Transfer rate:          18.58 [Kbytes/sec] received

Connection Times (ms)
              min  mean[+/-sd] median   max
Connect:       22   23   1.2     23      26
Processing:   431  579 166.6    486    1465
Waiting:      431  569 141.1    486     889
Total:        454  603 166.5    511    1491

Percentage of the requests served within a certain time (ms)
  50%    511
  66%    681
  75%    686
  80%    722
  90%    728
  95%    911
  98%    911
  99%   1491
 100%   1491 (longest request)
