..done


Server Software:        
Server Hostname:        192.168.0.104
Server Port:            3000

Document Path:          /1000kb.html
Document Length:        0 bytes

Concurrency Level:      100
Time taken for tests:   1.900 seconds
Complete requests:      100
Failed requests:        0
Total transferred:      0 bytes
HTML transferred:       0 bytes
Requests per second:    52.64 [#/sec] (mean)
Time per request:       1899.543 [ms] (mean)
Time per request:       18.995 [ms] (mean, across all concurrent requests)
Transfer rate:          0.00 [Kbytes/sec] received

Connection Times (ms)
              min  mean[+/-sd] median   max
Connect:        0    0   0.0      0       0
Processing:    29  187 200.3    138     735
Waiting:        0    0   0.0      0       0
Total:         29  187 200.3    138     735

Percentage of the requests served within a certain time (ms)
  50%    138
  66%    166
  75%    190
  80%    206
  90%    732
  95%    733
  98%    735
  99%    735
 100%    735 (longest request)
