..done


Server Software:        
Server Hostname:        192.168.0.104
Server Port:            3000

Document Path:          /1kb.html
Document Length:        0 bytes

Concurrency Level:      100
Time taken for tests:   2.212 seconds
Complete requests:      100
Failed requests:        0
Total transferred:      0 bytes
HTML transferred:       0 bytes
Requests per second:    45.21 [#/sec] (mean)
Time per request:       2211.674 [ms] (mean)
Time per request:       22.117 [ms] (mean, across all concurrent requests)
Transfer rate:          0.00 [Kbytes/sec] received

Connection Times (ms)
              min  mean[+/-sd] median   max
Connect:        0    0   0.0      0       0
Processing:    17  161 286.7     64    1557
Waiting:        0    0   0.0      0       0
Total:         17  161 286.7     64    1557

Percentage of the requests served within a certain time (ms)
  50%     64
  66%    111
  75%    166
  80%    169
  90%    471
  95%    825
  98%   1556
  99%   1557
 100%   1557 (longest request)
