..done


Server Software:        
Server Hostname:        192.168.0.104
Server Port:            3000

Document Path:          /1kb.html
Document Length:        1783 bytes

Concurrency Level:      100
Time taken for tests:   1.435 seconds
Complete requests:      100
Failed requests:        0
Total transferred:      207200 bytes
HTML transferred:       178300 bytes
Requests per second:    69.70 [#/sec] (mean)
Time per request:       1434.622 [ms] (mean)
Time per request:       14.346 [ms] (mean, across all concurrent requests)
Transfer rate:          141.04 [Kbytes/sec] received

Connection Times (ms)
              min  mean[+/-sd] median   max
Connect:       52  349 123.8    401     402
Processing:   124  312 216.6    222    1033
Waiting:      124  291 172.4    220     866
Total:        182  661 278.7    620    1434

Percentage of the requests served within a certain time (ms)
  50%    620
  66%    655
  75%    657
  80%    980
  90%   1163
  95%   1248
  98%   1268
  99%   1434
 100%   1434 (longest request)
