..done


Server Software:        
Server Hostname:        192.168.0.104
Server Port:            3000

Document Path:          /1000kb.html
Document Length:        0 bytes

Concurrency Level:      100
Time taken for tests:   1.126 seconds
Complete requests:      100
Failed requests:        0
Total transferred:      28400 bytes
HTML transferred:       0 bytes
Requests per second:    88.78 [#/sec] (mean)
Time per request:       1126.382 [ms] (mean)
Time per request:       11.264 [ms] (mean, across all concurrent requests)
Transfer rate:          24.62 [Kbytes/sec] received

Connection Times (ms)
              min  mean[+/-sd] median   max
Connect:       30  187 148.6     57     355
Processing:    36  230 195.7    168     793
Waiting:       36  230 195.6    168     793
Total:         68  417 316.6    462    1126

Percentage of the requests served within a certain time (ms)
  50%    462
  66%    523
  75%    776
  80%    777
  90%    875
  95%    879
  98%   1126
  99%   1126
 100%   1126 (longest request)
